TN:
SF:/Users/rstorm/repos/audity/cindicator/contracts/CND.sol
FN:17,CND
FN:29,
FNF:2
FNH:2
FNDA:27,CND
FNDA:1,
DA:30,1
LF:1
LH:1
BRDA:30,1,0,0
BRDA:30,1,1,1
BRF:2
BRH:1
end_of_record
TN:
SF:/Users/rstorm/repos/audity/cindicator/contracts/Contribution.sol
FN:34,notAllocated
FN:39,endedSale
FN:44,tokenInitialized
FN:49,initialized
FN:55,contributionOpen
FN:62,notPaused
FN:67,Contribution
FN:79,initializeToken
FN:86,initializeTier
FN:104,
FN:108,investorAmountTokensToBuy
FN:116,isWhitelisted
FN:121,whitelistAddresses
FN:129,buy
FN:133,proxyPayment
FN:149,onTransfer
FN:156,onApprove
FN:160,allowTransfers
FN:164,leftForSale
FN:171,doBuy
FN:218,allocate
FN:235,finalize
FN:247,isCurrentTierCapReached
FN:256,getBlockTimestamp
FN:270,claimTokens
FN:287,pauseContribution
FNF:26
FNH:22
FNDA:2,notAllocated
FNDA:1,endedSale
FNDA:35,tokenInitialized
FNDA:25,initialized
FNDA:22,contributionOpen
FNDA:19,notPaused
FNDA:28,Contribution
FNDA:26,initializeToken
FNDA:34,initializeTier
FNDA:0,
FNDA:18,investorAmountTokensToBuy
FNDA:26,isWhitelisted
FNDA:18,whitelistAddresses
FNDA:5,buy
FNDA:18,proxyPayment
FNDA:3,onTransfer
FNDA:0,onApprove
FNDA:1,allowTransfers
FNDA:14,leftForSale
FNDA:15,doBuy
FNDA:1,allocate
FNDA:6,finalize
FNDA:20,isCurrentTierCapReached
FNDA:0,getBlockTimestamp
FNDA:0,claimTokens
FNDA:2,pauseContribution
DA:35,2
DA:36,1
DA:41,1
DA:45,35
DA:46,34
DA:50,25
DA:51,25
DA:52,24
DA:56,22
DA:57,22
DA:63,19
DA:64,18
DA:68,28
DA:69,28
DA:70,28
DA:71,28
DA:72,28
DA:73,28
DA:74,28
DA:75,28
DA:76,28
DA:80,26
DA:81,24
DA:82,24
DA:83,24
DA:91,34
DA:92,34
DA:94,33
DA:95,32
DA:97,32
DA:98,32
DA:99,32
DA:105,0
DA:109,18
DA:110,18
DA:112,18
DA:113,18
DA:117,26
DA:118,26
DA:122,18
DA:123,19
DA:124,19
DA:125,19
DA:130,5
DA:138,18
DA:139,18
DA:140,17
DA:141,16
DA:142,15
DA:143,14
DA:150,3
DA:157,0
DA:161,1
DA:165,14
DA:166,14
DA:167,14
DA:168,14
DA:172,15
DA:173,15
DA:174,14
DA:175,14
DA:176,14
DA:178,14
DA:180,14
DA:181,14
DA:182,14
DA:184,14
DA:185,11
DA:186,1
DA:187,1
DA:191,14
DA:192,3
DA:193,2
DA:194,2
DA:198,14
DA:199,14
DA:200,14
DA:201,3
DA:204,14
DA:205,14
DA:207,14
DA:209,14
DA:211,14
DA:212,14
DA:213,3
DA:214,3
DA:219,1
DA:222,1
DA:225,1
DA:227,1
DA:228,1
DA:236,6
DA:237,6
DA:238,6
DA:239,6
DA:241,6
DA:242,6
DA:244,6
DA:248,20
DA:249,20
DA:257,0
DA:271,0
DA:272,0
DA:275,0
DA:276,0
DA:277,0
DA:280,0
DA:281,0
DA:282,0
DA:283,0
DA:288,2
LF:111
LH:99
BRDA:35,1,0,1
BRDA:35,1,1,1
BRDA:40,2,0,1
BRDA:40,2,1,0
BRDA:45,3,0,34
BRDA:45,3,1,1
BRDA:51,4,0,24
BRDA:51,4,1,1
BRDA:63,5,0,18
BRDA:63,5,1,1
BRDA:68,6,0,28
BRDA:68,6,1,0
BRDA:69,7,0,28
BRDA:69,7,1,0
BRDA:70,8,0,28
BRDA:70,8,1,0
BRDA:71,9,0,28
BRDA:71,9,1,0
BRDA:80,10,0,24
BRDA:80,10,1,2
BRDA:81,11,0,24
BRDA:81,11,1,0
BRDA:82,12,0,24
BRDA:82,12,1,0
BRDA:92,13,0,33
BRDA:92,13,1,1
BRDA:94,14,0,32
BRDA:94,14,1,1
BRDA:95,15,0,32
BRDA:95,15,1,0
BRDA:97,16,0,32
BRDA:97,16,1,0
BRDA:105,17,0,0
BRDA:105,17,1,0
BRDA:124,18,0,19
BRDA:124,18,1,0
BRDA:139,19,0,17
BRDA:139,19,1,1
BRDA:140,20,0,16
BRDA:140,20,1,1
BRDA:141,21,0,15
BRDA:141,21,1,1
BRDA:173,22,0,14
BRDA:173,22,1,1
BRDA:178,23,0,14
BRDA:178,23,1,0
BRDA:184,24,0,11
BRDA:184,24,1,3
BRDA:185,25,0,1
BRDA:185,25,1,10
BRDA:191,26,0,3
BRDA:191,26,1,11
BRDA:192,27,0,2
BRDA:192,27,1,1
BRDA:200,28,0,3
BRDA:200,28,1,11
BRDA:204,29,0,14
BRDA:204,29,1,0
BRDA:212,30,0,3
BRDA:212,30,1,11
BRDA:222,31,0,1
BRDA:222,31,1,0
BRDA:225,32,0,1
BRDA:225,32,1,0
BRDA:227,33,0,1
BRDA:227,33,1,0
BRDA:237,34,0,6
BRDA:237,34,1,0
BRDA:238,35,0,6
BRDA:238,35,1,0
BRDA:239,36,0,6
BRDA:239,36,1,0
BRDA:271,37,0,0
BRDA:271,37,1,0
BRDA:275,38,0,0
BRDA:275,38,1,0
BRF:76
BRH:52
end_of_record
TN:
SF:/Users/rstorm/repos/audity/cindicator/contracts/Tier.sol
FN:18,notFinished
FN:23,Tier
FN:53,getBlockTimestamp
FN:57,isCapReached
FN:61,finalize
FN:68,increaseInvestedWei
FN:81,
FNF:7
FNH:6
FNDA:14,notFinished
FNDA:34,Tier
FNDA:77,getBlockTimestamp
FNDA:20,isCapReached
FNDA:9,finalize
FNDA:14,increaseInvestedWei
FNDA:0,
DA:19,14
DA:20,14
DA:32,34
DA:33,34
DA:34,34
DA:35,34
DA:36,34
DA:38,34
DA:39,34
DA:40,34
DA:42,34
DA:43,34
DA:44,34
DA:46,34
DA:47,34
DA:49,34
DA:50,34
DA:54,77
DA:58,20
DA:62,9
DA:63,9
DA:64,9
DA:65,9
DA:69,14
DA:70,14
DA:82,0
LF:26
LH:25
BRDA:19,1,0,14
BRDA:19,1,1,0
BRDA:32,2,0,34
BRDA:32,2,1,0
BRDA:33,3,0,34
BRDA:33,3,1,0
BRDA:34,4,0,34
BRDA:34,4,1,0
BRDA:38,5,0,34
BRDA:38,5,1,0
BRDA:39,6,0,34
BRDA:39,6,1,0
BRDA:42,7,0,34
BRDA:42,7,1,0
BRDA:46,8,0,34
BRDA:46,8,1,0
BRDA:62,9,0,9
BRDA:62,9,1,0
BRDA:64,10,0,9
BRDA:64,10,1,0
BRDA:82,11,0,0
BRDA:82,11,1,0
BRF:22
BRH:10
end_of_record
