TN:
SF:/Users/rstorm/repos/playFUckingGround/123/contracts/CND.sol
FN:17,CND
FN:29,
FNF:2
FNH:2
FNDA:29,CND
FNDA:1,
DA:30,1
LF:1
LH:1
BRDA:30,1,0,0
BRDA:30,1,1,1
BRF:2
BRH:1
end_of_record
TN:
SF:/Users/rstorm/repos/playFUckingGround/123/contracts/Contribution.sol
FN:34,notAllocated
FN:39,endedSale
FN:44,tokenInitialized
FN:49,initialized
FN:55,contributionOpen
FN:62,notPaused
FN:67,Contribution
FN:79,initializeToken
FN:86,initializeTier
FN:104,
FN:108,investorAmountTokensToBuy
FN:116,isWhitelisted
FN:121,whitelistAddresses
FN:129,buy
FN:133,proxyPayment
FN:149,onTransfer
FN:156,onApprove
FN:160,allowTransfers
FN:164,leftForSale
FN:171,doBuy
FN:223,allocate
FN:240,finalize
FN:252,isCurrentTierCapReached
FN:261,getBlockTimestamp
FN:275,claimTokens
FN:292,pauseContribution
FNF:26
FNH:22
FNDA:2,notAllocated
FNDA:1,endedSale
FNDA:37,tokenInitialized
FNDA:29,initialized
FNDA:26,contributionOpen
FNDA:23,notPaused
FNDA:30,Contribution
FNDA:28,initializeToken
FNDA:36,initializeTier
FNDA:0,
FNDA:23,investorAmountTokensToBuy
FNDA:32,isWhitelisted
FNDA:20,whitelistAddresses
FNDA:9,buy
FNDA:22,proxyPayment
FNDA:3,onTransfer
FNDA:0,onApprove
FNDA:1,allowTransfers
FNDA:18,leftForSale
FNDA:19,doBuy
FNDA:1,allocate
FNDA:6,finalize
FNDA:24,isCurrentTierCapReached
FNDA:0,getBlockTimestamp
FNDA:0,claimTokens
FNDA:2,pauseContribution
DA:35,2
DA:36,1
DA:41,1
DA:45,37
DA:46,36
DA:50,29
DA:51,29
DA:52,28
DA:56,26
DA:57,26
DA:63,23
DA:64,22
DA:68,30
DA:69,30
DA:70,30
DA:71,30
DA:72,30
DA:73,30
DA:74,30
DA:75,30
DA:76,30
DA:80,28
DA:81,26
DA:82,26
DA:83,26
DA:91,36
DA:92,36
DA:94,35
DA:95,34
DA:97,34
DA:98,34
DA:99,34
DA:105,0
DA:109,23
DA:110,23
DA:112,23
DA:113,23
DA:117,32
DA:118,32
DA:122,20
DA:123,21
DA:124,21
DA:125,21
DA:130,9
DA:138,22
DA:139,22
DA:140,21
DA:141,20
DA:142,19
DA:143,18
DA:150,3
DA:157,0
DA:161,1
DA:165,18
DA:166,18
DA:167,18
DA:168,18
DA:172,19
DA:173,19
DA:174,19
DA:175,19
DA:176,19
DA:177,19
DA:179,18
DA:180,15
DA:183,18
DA:184,18
DA:186,18
DA:187,18
DA:189,18
DA:190,15
DA:191,2
DA:192,2
DA:196,18
DA:197,3
DA:198,2
DA:199,2
DA:203,18
DA:204,18
DA:205,18
DA:206,3
DA:209,18
DA:210,18
DA:212,18
DA:214,18
DA:216,18
DA:217,18
DA:218,4
DA:219,4
DA:224,1
DA:227,1
DA:230,1
DA:232,1
DA:233,1
DA:241,6
DA:242,6
DA:243,6
DA:244,6
DA:246,6
DA:247,6
DA:249,6
DA:253,24
DA:254,24
DA:262,0
DA:276,0
DA:277,0
DA:280,0
DA:281,0
DA:282,0
DA:285,0
DA:286,0
DA:287,0
DA:288,0
DA:293,2
LF:114
LH:102
BRDA:35,1,0,1
BRDA:35,1,1,1
BRDA:40,2,0,1
BRDA:40,2,1,0
BRDA:45,3,0,36
BRDA:45,3,1,1
BRDA:51,4,0,28
BRDA:51,4,1,1
BRDA:63,5,0,22
BRDA:63,5,1,1
BRDA:68,6,0,30
BRDA:68,6,1,0
BRDA:69,7,0,30
BRDA:69,7,1,0
BRDA:70,8,0,30
BRDA:70,8,1,0
BRDA:71,9,0,30
BRDA:71,9,1,0
BRDA:80,10,0,26
BRDA:80,10,1,2
BRDA:81,11,0,26
BRDA:81,11,1,0
BRDA:82,12,0,26
BRDA:82,12,1,0
BRDA:92,13,0,35
BRDA:92,13,1,1
BRDA:94,14,0,34
BRDA:94,14,1,1
BRDA:95,15,0,34
BRDA:95,15,1,0
BRDA:97,16,0,34
BRDA:97,16,1,0
BRDA:105,17,0,0
BRDA:105,17,1,0
BRDA:124,18,0,21
BRDA:124,18,1,0
BRDA:139,19,0,21
BRDA:139,19,1,1
BRDA:140,20,0,20
BRDA:140,20,1,1
BRDA:141,21,0,19
BRDA:141,21,1,1
BRDA:173,22,0,19
BRDA:173,22,1,0
BRDA:177,23,0,18
BRDA:177,23,1,1
BRDA:179,24,0,15
BRDA:179,24,1,3
BRDA:180,25,0,15
BRDA:180,25,1,0
BRDA:186,26,0,18
BRDA:186,26,1,0
BRDA:189,27,0,15
BRDA:189,27,1,3
BRDA:190,28,0,2
BRDA:190,28,1,13
BRDA:196,29,0,3
BRDA:196,29,1,15
BRDA:197,30,0,2
BRDA:197,30,1,1
BRDA:205,31,0,3
BRDA:205,31,1,15
BRDA:209,32,0,18
BRDA:209,32,1,0
BRDA:217,33,0,4
BRDA:217,33,1,14
BRDA:227,34,0,1
BRDA:227,34,1,0
BRDA:230,35,0,1
BRDA:230,35,1,0
BRDA:232,36,0,1
BRDA:232,36,1,0
BRDA:242,37,0,6
BRDA:242,37,1,0
BRDA:243,38,0,6
BRDA:243,38,1,0
BRDA:244,39,0,6
BRDA:244,39,1,0
BRDA:276,40,0,0
BRDA:276,40,1,0
BRDA:280,41,0,0
BRDA:280,41,1,0
BRF:82
BRH:56
end_of_record
TN:
SF:/Users/rstorm/repos/playFUckingGround/123/contracts/Tier.sol
FN:18,notFinished
FN:23,Tier
FN:53,getBlockTimestamp
FN:57,isCapReached
FN:61,finalize
FN:68,increaseInvestedWei
FN:81,
FNF:7
FNH:6
FNDA:18,notFinished
FNDA:36,Tier
FNDA:81,getBlockTimestamp
FNDA:24,isCapReached
FNDA:9,finalize
FNDA:18,increaseInvestedWei
FNDA:0,
DA:19,18
DA:20,18
DA:32,36
DA:33,36
DA:34,36
DA:35,36
DA:36,36
DA:38,36
DA:39,36
DA:40,36
DA:42,36
DA:43,36
DA:44,36
DA:46,36
DA:47,36
DA:49,36
DA:50,36
DA:54,81
DA:58,24
DA:62,9
DA:63,9
DA:64,9
DA:65,9
DA:69,18
DA:70,18
DA:82,0
LF:26
LH:25
BRDA:19,1,0,18
BRDA:19,1,1,0
BRDA:32,2,0,36
BRDA:32,2,1,0
BRDA:33,3,0,36
BRDA:33,3,1,0
BRDA:34,4,0,36
BRDA:34,4,1,0
BRDA:38,5,0,36
BRDA:38,5,1,0
BRDA:39,6,0,36
BRDA:39,6,1,0
BRDA:42,7,0,36
BRDA:42,7,1,0
BRDA:46,8,0,36
BRDA:46,8,1,0
BRDA:62,9,0,9
BRDA:62,9,1,0
BRDA:64,10,0,9
BRDA:64,10,1,0
BRDA:82,11,0,0
BRDA:82,11,1,0
BRF:22
BRH:10
end_of_record
